14-Dec-2020 11:38:14 ERROR - Service.CUSTOMER_FOUND
com.infy.exception.InfyBankException: Service.CUSTOMER_FOUND
	at com.infy.service.CustomerServiceImpl.addCustomer(CustomerServiceImpl.java:24) ~[classes/:?]
	at com.infy.service.CustomerServiceImpl$$FastClassBySpringCGLIB$$5a044175.invoke(<generated>) ~[classes/:?]
	at org.springframework.cglib.proxy.MethodProxy.invoke(MethodProxy.java:218) ~[spring-core-5.2.7.RELEASE.jar:5.2.7.RELEASE]
	at org.springframework.aop.framework.CglibAopProxy$CglibMethodInvocation.invokeJoinpoint(CglibAopProxy.java:771) ~[spring-aop-5.2.7.RELEASE.jar:5.2.7.RELEASE]
	at org.springframework.aop.framework.ReflectiveMethodInvocation.proceed(ReflectiveMethodInvocation.java:163) ~[spring-aop-5.2.7.RELEASE.jar:5.2.7.RELEASE]
	at org.springframework.aop.framework.CglibAopProxy$CglibMethodInvocation.proceed(CglibAopProxy.java:749) ~[spring-aop-5.2.7.RELEASE.jar:5.2.7.RELEASE]
	at org.springframework.aop.aspectj.AspectJAfterThrowingAdvice.invoke(AspectJAfterThrowingAdvice.java:62) [spring-aop-5.2.7.RELEASE.jar:5.2.7.RELEASE]
	at org.springframework.aop.framework.ReflectiveMethodInvocation.proceed(ReflectiveMethodInvocation.java:186) [spring-aop-5.2.7.RELEASE.jar:5.2.7.RELEASE]
	at org.springframework.aop.framework.CglibAopProxy$CglibMethodInvocation.proceed(CglibAopProxy.java:749) [spring-aop-5.2.7.RELEASE.jar:5.2.7.RELEASE]
	at org.springframework.aop.interceptor.ExposeInvocationInterceptor.invoke(ExposeInvocationInterceptor.java:95) [spring-aop-5.2.7.RELEASE.jar:5.2.7.RELEASE]
	at org.springframework.aop.framework.ReflectiveMethodInvocation.proceed(ReflectiveMethodInvocation.java:186) [spring-aop-5.2.7.RELEASE.jar:5.2.7.RELEASE]
	at org.springframework.aop.framework.CglibAopProxy$CglibMethodInvocation.proceed(CglibAopProxy.java:749) [spring-aop-5.2.7.RELEASE.jar:5.2.7.RELEASE]
	at org.springframework.aop.framework.CglibAopProxy$DynamicAdvisedInterceptor.intercept(CglibAopProxy.java:691) [spring-aop-5.2.7.RELEASE.jar:5.2.7.RELEASE]
	at com.infy.service.CustomerServiceImpl$$EnhancerBySpringCGLIB$$2592d8fe.addCustomer(<generated>) [classes/:?]
	at com.infy.DemoSpringDataCrudApplication.addCustomer(DemoSpringDataCrudApplication.java:47) [classes/:?]
	at com.infy.DemoSpringDataCrudApplication.run(DemoSpringDataCrudApplication.java:34) [classes/:?]
	at org.springframework.boot.SpringApplication.callRunner(SpringApplication.java:795) [spring-boot-2.3.1.RELEASE.jar:2.3.1.RELEASE]
	at org.springframework.boot.SpringApplication.callRunners(SpringApplication.java:779) [spring-boot-2.3.1.RELEASE.jar:2.3.1.RELEASE]
	at org.springframework.boot.SpringApplication.run(SpringApplication.java:322) [spring-boot-2.3.1.RELEASE.jar:2.3.1.RELEASE]
	at org.springframework.boot.SpringApplication.run(SpringApplication.java:1237) [spring-boot-2.3.1.RELEASE.jar:2.3.1.RELEASE]
	at org.springframework.boot.SpringApplication.run(SpringApplication.java:1226) [spring-boot-2.3.1.RELEASE.jar:2.3.1.RELEASE]
	at com.infy.DemoSpringDataCrudApplication.main(DemoSpringDataCrudApplication.java:28) [classes/:?]
14-Dec-2020 17:35:47 ERROR - Could not locate named parameter [customerId], expecting one of [emailId]; nested exception is java.lang.IllegalArgumentException: Could not locate named parameter [customerId], expecting one of [emailId]
org.springframework.dao.InvalidDataAccessApiUsageException: Could not locate named parameter [customerId], expecting one of [emailId]; nested exception is java.lang.IllegalArgumentException: Could not locate named parameter [customerId], expecting one of [emailId]
	at org.springframework.orm.jpa.EntityManagerFactoryUtils.convertJpaAccessExceptionIfPossible(EntityManagerFactoryUtils.java:374) ~[spring-orm-5.2.7.RELEASE.jar:5.2.7.RELEASE]
	at org.springframework.orm.jpa.vendor.HibernateJpaDialect.translateExceptionIfPossible(HibernateJpaDialect.java:257) ~[spring-orm-5.2.7.RELEASE.jar:5.2.7.RELEASE]
	at org.springframework.orm.jpa.AbstractEntityManagerFactoryBean.translateExceptionIfPossible(AbstractEntityManagerFactoryBean.java:528) ~[spring-orm-5.2.7.RELEASE.jar:5.2.7.RELEASE]
	at org.springframework.dao.support.ChainedPersistenceExceptionTranslator.translateExceptionIfPossible(ChainedPersistenceExceptionTranslator.java:61) ~[spring-tx-5.2.7.RELEASE.jar:5.2.7.RELEASE]
	at org.springframework.dao.support.DataAccessUtils.translateIfNecessary(DataAccessUtils.java:242) ~[spring-tx-5.2.7.RELEASE.jar:5.2.7.RELEASE]
	at org.springframework.dao.support.PersistenceExceptionTranslationInterceptor.invoke(PersistenceExceptionTranslationInterceptor.java:153) ~[spring-tx-5.2.7.RELEASE.jar:5.2.7.RELEASE]
	at org.springframework.aop.framework.ReflectiveMethodInvocation.proceed(ReflectiveMethodInvocation.java:186) ~[spring-aop-5.2.7.RELEASE.jar:5.2.7.RELEASE]
	at org.springframework.data.jpa.repository.support.CrudMethodMetadataPostProcessor$CrudMethodMetadataPopulatingMethodInterceptor.invoke(CrudMethodMetadataPostProcessor.java:149) ~[spring-data-jpa-2.3.1.RELEASE.jar:2.3.1.RELEASE]
	at org.springframework.aop.framework.ReflectiveMethodInvocation.proceed(ReflectiveMethodInvocation.java:186) ~[spring-aop-5.2.7.RELEASE.jar:5.2.7.RELEASE]
	at org.springframework.aop.interceptor.ExposeInvocationInterceptor.invoke(ExposeInvocationInterceptor.java:95) ~[spring-aop-5.2.7.RELEASE.jar:5.2.7.RELEASE]
	at org.springframework.aop.framework.ReflectiveMethodInvocation.proceed(ReflectiveMethodInvocation.java:186) ~[spring-aop-5.2.7.RELEASE.jar:5.2.7.RELEASE]
	at org.springframework.aop.framework.JdkDynamicAopProxy.invoke(JdkDynamicAopProxy.java:212) ~[spring-aop-5.2.7.RELEASE.jar:5.2.7.RELEASE]
	at com.sun.proxy.$Proxy96.findDOBById(Unknown Source) ~[?:?]
	at jdk.internal.reflect.NativeMethodAccessorImpl.invoke0(Native Method) ~[?:?]
	at jdk.internal.reflect.NativeMethodAccessorImpl.invoke(NativeMethodAccessorImpl.java:64) ~[?:?]
	at jdk.internal.reflect.DelegatingMethodAccessorImpl.invoke(DelegatingMethodAccessorImpl.java:43) ~[?:?]
	at java.lang.reflect.Method.invoke(Method.java:564) ~[?:?]
	at org.springframework.aop.support.AopUtils.invokeJoinpointUsingReflection(AopUtils.java:344) ~[spring-aop-5.2.7.RELEASE.jar:5.2.7.RELEASE]
	at org.springframework.aop.framework.JdkDynamicAopProxy.invoke(JdkDynamicAopProxy.java:205) ~[spring-aop-5.2.7.RELEASE.jar:5.2.7.RELEASE]
	at com.sun.proxy.$Proxy67.findDOBById(Unknown Source) ~[?:?]
	at com.infy.service.CustomerServiceImpl.findDOBBYId(CustomerServiceImpl.java:51) ~[classes/:?]
	at com.infy.service.CustomerServiceImpl$$FastClassBySpringCGLIB$$5a044175.invoke(<generated>) ~[classes/:?]
	at org.springframework.cglib.proxy.MethodProxy.invoke(MethodProxy.java:218) ~[spring-core-5.2.7.RELEASE.jar:5.2.7.RELEASE]
	at org.springframework.aop.framework.CglibAopProxy$CglibMethodInvocation.invokeJoinpoint(CglibAopProxy.java:771) ~[spring-aop-5.2.7.RELEASE.jar:5.2.7.RELEASE]
	at org.springframework.aop.framework.ReflectiveMethodInvocation.proceed(ReflectiveMethodInvocation.java:163) ~[spring-aop-5.2.7.RELEASE.jar:5.2.7.RELEASE]
	at org.springframework.aop.framework.CglibAopProxy$CglibMethodInvocation.proceed(CglibAopProxy.java:749) ~[spring-aop-5.2.7.RELEASE.jar:5.2.7.RELEASE]
	at org.springframework.aop.aspectj.AspectJAfterThrowingAdvice.invoke(AspectJAfterThrowingAdvice.java:62) [spring-aop-5.2.7.RELEASE.jar:5.2.7.RELEASE]
	at org.springframework.aop.framework.ReflectiveMethodInvocation.proceed(ReflectiveMethodInvocation.java:186) [spring-aop-5.2.7.RELEASE.jar:5.2.7.RELEASE]
	at org.springframework.aop.framework.CglibAopProxy$CglibMethodInvocation.proceed(CglibAopProxy.java:749) [spring-aop-5.2.7.RELEASE.jar:5.2.7.RELEASE]
	at org.springframework.aop.interceptor.ExposeInvocationInterceptor.invoke(ExposeInvocationInterceptor.java:95) [spring-aop-5.2.7.RELEASE.jar:5.2.7.RELEASE]
	at org.springframework.aop.framework.ReflectiveMethodInvocation.proceed(ReflectiveMethodInvocation.java:186) [spring-aop-5.2.7.RELEASE.jar:5.2.7.RELEASE]
	at org.springframework.aop.framework.CglibAopProxy$CglibMethodInvocation.proceed(CglibAopProxy.java:749) [spring-aop-5.2.7.RELEASE.jar:5.2.7.RELEASE]
	at org.springframework.aop.framework.CglibAopProxy$DynamicAdvisedInterceptor.intercept(CglibAopProxy.java:691) [spring-aop-5.2.7.RELEASE.jar:5.2.7.RELEASE]
	at com.infy.service.CustomerServiceImpl$$EnhancerBySpringCGLIB$$aecfc38.findDOBBYId(<generated>) [classes/:?]
	at com.infy.DemoSpringDataCrudApplication.run(DemoSpringDataCrudApplication.java:36) [classes/:?]
	at org.springframework.boot.SpringApplication.callRunner(SpringApplication.java:795) [spring-boot-2.3.1.RELEASE.jar:2.3.1.RELEASE]
	at org.springframework.boot.SpringApplication.callRunners(SpringApplication.java:779) [spring-boot-2.3.1.RELEASE.jar:2.3.1.RELEASE]
	at org.springframework.boot.SpringApplication.run(SpringApplication.java:322) [spring-boot-2.3.1.RELEASE.jar:2.3.1.RELEASE]
	at org.springframework.boot.SpringApplication.run(SpringApplication.java:1237) [spring-boot-2.3.1.RELEASE.jar:2.3.1.RELEASE]
	at org.springframework.boot.SpringApplication.run(SpringApplication.java:1226) [spring-boot-2.3.1.RELEASE.jar:2.3.1.RELEASE]
	at com.infy.DemoSpringDataCrudApplication.main(DemoSpringDataCrudApplication.java:28) [classes/:?]
Caused by: java.lang.IllegalArgumentException: Could not locate named parameter [customerId], expecting one of [emailId]
	at org.hibernate.query.internal.ParameterMetadataImpl.getNamedParameterDescriptor(ParameterMetadataImpl.java:229) ~[hibernate-core-5.4.17.Final.jar:5.4.17.Final]
	at org.hibernate.query.internal.ParameterMetadataImpl.getQueryParameter(ParameterMetadataImpl.java:198) ~[hibernate-core-5.4.17.Final.jar:5.4.17.Final]
	at org.hibernate.query.internal.QueryParameterBindingsImpl.getBinding(QueryParameterBindingsImpl.java:188) ~[hibernate-core-5.4.17.Final.jar:5.4.17.Final]
	at org.hibernate.query.internal.AbstractProducedQuery.setParameter(AbstractProducedQuery.java:490) ~[hibernate-core-5.4.17.Final.jar:5.4.17.Final]
	at org.hibernate.query.internal.AbstractProducedQuery.setParameter(AbstractProducedQuery.java:111) ~[hibernate-core-5.4.17.Final.jar:5.4.17.Final]
	at org.springframework.data.jpa.repository.query.QueryParameterSetter$BindableQuery.setParameter(QueryParameterSetter.java:327) ~[spring-data-jpa-2.3.1.RELEASE.jar:2.3.1.RELEASE]
	at org.springframework.data.jpa.repository.query.QueryParameterSetter$NamedOrIndexedQueryParameterSetter.lambda$setParameter$4(QueryParameterSetter.java:118) ~[spring-data-jpa-2.3.1.RELEASE.jar:2.3.1.RELEASE]
	at org.springframework.data.jpa.repository.query.QueryParameterSetter$ErrorHandling$1.execute(QueryParameterSetter.java:141) ~[spring-data-jpa-2.3.1.RELEASE.jar:2.3.1.RELEASE]
	at org.springframework.data.jpa.repository.query.QueryParameterSetter$NamedOrIndexedQueryParameterSetter.setParameter(QueryParameterSetter.java:118) ~[spring-data-jpa-2.3.1.RELEASE.jar:2.3.1.RELEASE]
	at org.springframework.data.jpa.repository.query.ParameterBinder.bind(ParameterBinder.java:82) ~[spring-data-jpa-2.3.1.RELEASE.jar:2.3.1.RELEASE]
	at org.springframework.data.jpa.repository.query.ParameterBinder.bind(ParameterBinder.java:74) ~[spring-data-jpa-2.3.1.RELEASE.jar:2.3.1.RELEASE]
	at org.springframework.data.jpa.repository.query.ParameterBinder.bindAndPrepare(ParameterBinder.java:95) ~[spring-data-jpa-2.3.1.RELEASE.jar:2.3.1.RELEASE]
	at org.springframework.data.jpa.repository.query.NamedQuery.doCreateQuery(NamedQuery.java:174) ~[spring-data-jpa-2.3.1.RELEASE.jar:2.3.1.RELEASE]
	at org.springframework.data.jpa.repository.query.AbstractJpaQuery.createQuery(AbstractJpaQuery.java:226) ~[spring-data-jpa-2.3.1.RELEASE.jar:2.3.1.RELEASE]
	at org.springframework.data.jpa.repository.query.JpaQueryExecution$SingleEntityExecution.doExecute(JpaQueryExecution.java:196) ~[spring-data-jpa-2.3.1.RELEASE.jar:2.3.1.RELEASE]
	at org.springframework.data.jpa.repository.query.JpaQueryExecution.execute(JpaQueryExecution.java:88) ~[spring-data-jpa-2.3.1.RELEASE.jar:2.3.1.RELEASE]
	at org.springframework.data.jpa.repository.query.AbstractJpaQuery.doExecute(AbstractJpaQuery.java:154) ~[spring-data-jpa-2.3.1.RELEASE.jar:2.3.1.RELEASE]
	at org.springframework.data.jpa.repository.query.AbstractJpaQuery.execute(AbstractJpaQuery.java:142) ~[spring-data-jpa-2.3.1.RELEASE.jar:2.3.1.RELEASE]
	at org.springframework.data.repository.core.support.QueryExecutorMethodInterceptor$QueryMethodInvoker.invoke(QueryExecutorMethodInterceptor.java:195) ~[spring-data-commons-2.3.1.RELEASE.jar:2.3.1.RELEASE]
	at org.springframework.data.repository.core.support.QueryExecutorMethodInterceptor.doInvoke(QueryExecutorMethodInterceptor.java:152) ~[spring-data-commons-2.3.1.RELEASE.jar:2.3.1.RELEASE]
	at org.springframework.data.repository.core.support.QueryExecutorMethodInterceptor.invoke(QueryExecutorMethodInterceptor.java:130) ~[spring-data-commons-2.3.1.RELEASE.jar:2.3.1.RELEASE]
	at org.springframework.aop.framework.ReflectiveMethodInvocation.proceed(ReflectiveMethodInvocation.java:186) ~[spring-aop-5.2.7.RELEASE.jar:5.2.7.RELEASE]
	at org.springframework.transaction.interceptor.TransactionAspectSupport.invokeWithinTransaction(TransactionAspectSupport.java:367) ~[spring-tx-5.2.7.RELEASE.jar:5.2.7.RELEASE]
	at org.springframework.transaction.interceptor.TransactionInterceptor.invoke(TransactionInterceptor.java:118) ~[spring-tx-5.2.7.RELEASE.jar:5.2.7.RELEASE]
	at org.springframework.aop.framework.ReflectiveMethodInvocation.proceed(ReflectiveMethodInvocation.java:186) ~[spring-aop-5.2.7.RELEASE.jar:5.2.7.RELEASE]
	at org.springframework.dao.support.PersistenceExceptionTranslationInterceptor.invoke(PersistenceExceptionTranslationInterceptor.java:139) ~[spring-tx-5.2.7.RELEASE.jar:5.2.7.RELEASE]
	... 35 more
